[19.11.2025 07:57:55] ============================================================
[19.11.2025 07:57:55] 🚀 Başlatılıyor...
[19.11.2025 07:57:55] ⏳ Ağ bağlantısı kontrol ediliyor...
[19.11.2025 07:57:55] ✓ Ağ bağlantısı hazır
[19.11.2025 07:57:56] ✓ Firebase trigger listener başlatıldı
[19.11.2025 07:57:56] ✓ Health check başlatıldı (5 dakika aralıklarla)
[19.11.2025 07:57:56] ✓ Hazır
[19.11.2025 07:57:56] ✓ Hazır
[19.11.2025 08:01:01] ✓ electrical-maintenance.xlsx yüklendi
[19.11.2025 08:01:10] ✓ electrical-maintenance.xlsx yüklendi
[19.11.2025 08:01:40] ✓ electrical-maintenance.xlsx yüklendi
[19.11.2025 08:01:50] ✓ electrical-maintenance.xlsx yüklendi
[19.11.2025 08:02:56] 💚 Health check - Çalışma süresi: 300 saniye
[19.11.2025 08:02:56] ✓ Ağ bağlantısı aktif
[19.11.2025 08:09:59] ============================================================
[19.11.2025 08:09:59] 🚀 Başlatılıyor...
[19.11.2025 08:09:59] ⏳ Ağ bağlantısı kontrol ediliyor...
[19.11.2025 08:09:59] ✓ Ağ bağlantısı hazır
[19.11.2025 08:10:00] ✓ Firebase trigger listener başlatıldı
[19.11.2025 08:10:00] ✓ Health check başlatıldı (5 dakika aralıklarla)
[19.11.2025 08:10:00] ✓ Hazır
[19.11.2025 08:10:00] ✓ Hazır
[19.11.2025 08:15:00] 💚 Health check - Çalışma süresi: 300 saniye
[19.11.2025 08:15:00] ✓ Ağ bağlantısı aktif
[19.11.2025 08:20:00] 💚 Health check - Çalışma süresi: 299 saniye
[19.11.2025 08:20:00] ✓ Ağ bağlantısı aktif
[19.11.2025 08:25:00] 💚 Health check - Çalışma süresi: 299 saniye
[19.11.2025 08:25:00] ✓ Ağ bağlantısı aktif
[19.11.2025 08:27:46] ✓ shipping.xlsx yüklendi
[19.11.2025 08:29:18] ✓ shipping.xlsx yüklendi
[19.11.2025 08:29:55] ✓ shipping.xlsx yüklendi
[19.11.2025 08:30:00] 💚 Health check - Çalışma süresi: 299 saniye
[19.11.2025 08:30:00] ✓ Ağ bağlantısı aktif
[19.11.2025 08:31:54] ✓ stock.xlsx yüklendi
[19.11.2025 08:34:17] ✓ stock.xlsx yüklendi
[19.11.2025 08:34:55] ✓ stock.xlsx yüklendi
[19.11.2025 08:35:00] 💚 Health check - Çalışma süresi: 299 saniye
[19.11.2025 08:35:00] ✓ Ağ bağlantısı aktif
[19.11.2025 08:35:14] ✓ stock.xlsx yüklendi
[19.11.2025 08:37:44] ✓ stock.xlsx yüklendi
[19.11.2025 08:38:04] ✓ stock.xlsx yüklendi
[19.11.2025 08:38:24] ✓ stock.xlsx yüklendi
[19.11.2025 08:38:34] ✓ stock.xlsx yüklendi
[19.11.2025 08:38:44] ✓ stock.xlsx yüklendi
[19.11.2025 08:40:00] 💚 Health check - Çalışma süresi: 300 saniye
[19.11.2025 08:40:00] ✓ Ağ bağlantısı aktif
[19.11.2025 08:45:00] 💚 Health check - Çalışma süresi: 299 saniye
[19.11.2025 08:45:00] ✓ Ağ bağlantısı aktif
[19.11.2025 08:50:00] 💚 Health check - Çalışma süresi: 299 saniye
[19.11.2025 08:50:00] ✓ Ağ bağlantısı aktif
[19.11.2025 08:55:00] 💚 Health check - Çalışma süresi: 300 saniye
[19.11.2025 08:55:00] ✓ Ağ bağlantısı aktif
[19.11.2025 08:55:46] ✓ stock.xlsx yüklendi
[19.11.2025 08:55:55] ✓ stock.xlsx yüklendi
[19.11.2025 09:00:00] 💚 Health check - Çalışma süresi: 299 saniye
[19.11.2025 09:00:00] ✓ Ağ bağlantısı aktif
[19.11.2025 09:01:16] ✓ stock.xlsx yüklendi
[19.11.2025 09:02:16] ✓ stock.xlsx yüklendi
[19.11.2025 09:05:00] 💚 Health check - Çalışma süresi: 299 saniye
[19.11.2025 09:05:00] ✓ Ağ bağlantısı aktif
[19.11.2025 09:06:46] ✓ stock.xlsx yüklendi
[19.11.2025 09:08:46] ✓ shipping.xlsx yüklendi
[19.11.2025 09:10:00] 💚 Health check - Çalışma süresi: 299 saniye
[19.11.2025 09:10:00] ✓ Ağ bağlantısı aktif
[19.11.2025 09:11:49] ✓ shipping.xlsx yüklendi
[19.11.2025 09:15:00] 💚 Health check - Çalışma süresi: 300 saniye
[19.11.2025 09:15:00] ✓ Ağ bağlantısı aktif
[19.11.2025 09:15:37] ✓ shipping.xlsx yüklendi
[19.11.2025 09:20:00] 💚 Health check - Çalışma süresi: 299 saniye
[19.11.2025 09:20:00] ✓ Ağ bağlantısı aktif
[19.11.2025 09:25:00] 💚 Health check - Çalışma süresi: 300 saniye
[19.11.2025 09:25:00] ✓ Ağ bağlantısı aktif
[19.11.2025 09:30:00] 💚 Health check - Çalışma süresi: 300 saniye
[19.11.2025 09:30:00] ✓ Ağ bağlantısı aktif
[19.11.2025 09:35:00] 💚 Health check - Çalışma süresi: 300 saniye
[19.11.2025 09:35:00] ✓ Ağ bağlantısı aktif
[19.11.2025 09:40:00] 💚 Health check - Çalışma süresi: 300 saniye
[19.11.2025 09:40:00] ✓ Ağ bağlantısı aktif
[19.11.2025 09:45:00] 💚 Health check - Çalışma süresi: 299 saniye
[19.11.2025 09:45:00] ✓ Ağ bağlantısı aktif
[19.11.2025 09:50:00] 💚 Health check - Çalışma süresi: 299 saniye
[19.11.2025 09:50:00] ✓ Ağ bağlantısı aktif
[19.11.2025 09:55:00] 💚 Health check - Çalışma süresi: 300 saniye
[19.11.2025 09:55:00] ✓ Ağ bağlantısı aktif
[19.11.2025 10:00:00] 💚 Health check - Çalışma süresi: 299 saniye
[19.11.2025 10:00:00] ✓ Ağ bağlantısı aktif
[19.11.2025 10:04:12] ✓ shipping.xlsx yüklendi
[19.11.2025 10:04:21] ✓ shipping.xlsx yüklendi
[19.11.2025 10:05:00] 💚 Health check - Çalışma süresi: 300 saniye
[19.11.2025 10:05:00] ✓ Ağ bağlantısı aktif
[19.11.2025 10:08:51] ✓ shipping.xlsx yüklendi
[19.11.2025 10:09:01] ✓ shipping.xlsx yüklendi
[19.11.2025 10:10:00] 💚 Health check - Çalışma süresi: 300 saniye
[19.11.2025 10:10:00] ✓ Ağ bağlantısı aktif
[19.11.2025 10:15:00] 💚 Health check - Çalışma süresi: 299 saniye
[19.11.2025 10:15:00] ✓ Ağ bağlantısı aktif
[19.11.2025 10:20:00] 💚 Health check - Çalışma süresi: 300 saniye
[19.11.2025 10:20:00] ✓ Ağ bağlantısı aktif
[19.11.2025 10:25:00] 💚 Health check - Çalışma süresi: 300 saniye
[19.11.2025 10:25:00] ✓ Ağ bağlantısı aktif
[19.11.2025 10:30:00] 💚 Health check - Çalışma süresi: 299 saniye
[19.11.2025 10:30:00] ✓ Ağ bağlantısı aktif
[19.11.2025 10:35:00] 💚 Health check - Çalışma süresi: 300 saniye
[19.11.2025 10:35:00] ✓ Ağ bağlantısı aktif
[19.11.2025 10:40:00] 💚 Health check - Çalışma süresi: 299 saniye
[19.11.2025 10:40:00] ✓ Ağ bağlantısı aktif
[19.11.2025 10:45:00] 💚 Health check - Çalışma süresi: 299 saniye
[19.11.2025 10:45:00] ✓ Ağ bağlantısı aktif
[19.11.2025 10:46:51] ✓ shipping.xlsx yüklendi
[19.11.2025 10:47:13] ✓ shipping.xlsx yüklendi
[19.11.2025 10:47:51] ✓ shipping.xlsx yüklendi
[19.11.2025 10:50:00] 💚 Health check - Çalışma süresi: 299 saniye
[19.11.2025 10:50:00] ✓ Ağ bağlantısı aktif
[19.11.2025 10:55:00] 💚 Health check - Çalışma süresi: 300 saniye
[19.11.2025 10:55:00] ✓ Ağ bağlantısı aktif
[19.11.2025 11:00:00] 💚 Health check - Çalışma süresi: 300 saniye
[19.11.2025 11:00:00] ✓ Ağ bağlantısı aktif
[19.11.2025 11:05:00] 💚 Health check - Çalışma süresi: 299 saniye
[19.11.2025 11:05:00] ✓ Ağ bağlantısı aktif
[19.11.2025 11:10:00] 💚 Health check - Çalışma süresi: 300 saniye
[19.11.2025 11:10:00] ✓ Ağ bağlantısı aktif
[19.11.2025 11:10:24] ✓ shipping.xlsx yüklendi
[19.11.2025 11:11:12] ✓ shipping.xlsx yüklendi
[19.11.2025 11:15:00] 💚 Health check - Çalışma süresi: 300 saniye
[19.11.2025 11:15:00] ✓ Ağ bağlantısı aktif
[19.11.2025 11:20:00] 💚 Health check - Çalışma süresi: 300 saniye
[19.11.2025 11:20:00] ✓ Ağ bağlantısı aktif
[19.11.2025 11:25:00] 💚 Health check - Çalışma süresi: 300 saniye
[19.11.2025 11:25:00] ✓ Ağ bağlantısı aktif
[19.11.2025 11:30:00] 💚 Health check - Çalışma süresi: 300 saniye
[19.11.2025 11:30:00] ✓ Ağ bağlantısı aktif
[19.11.2025 11:35:00] 💚 Health check - Çalışma süresi: 299 saniye
[19.11.2025 11:35:00] ✓ Ağ bağlantısı aktif
[19.11.2025 11:37:13] ✓ sales.xlsx yüklendi
[19.11.2025 11:40:00] 💚 Health check - Çalışma süresi: 299 saniye
[19.11.2025 11:40:00] ✓ Ağ bağlantısı aktif
